<?xml version="1.0" encoding="UTF-8"?>
<!-- Generated by org.testng.reporters.JUnitXMLReporter -->
<testsuite ignored="0" hostname="DESKTOP-B4QGQAV" failures="0" tests="3" name="Default test" time="13.733" errors="0" timestamp="2022-06-18T16:30:47 GMT-04:00">
  <testcase classname="Test.ZerodhaPinPageTest" name="@AfterMethod closeBrowser" time="0.009">
    <failure type="java.lang.NullPointerException" message="Cannot invoke &amp;quot;com.aventstack.extentreports.ExtentTest.log(com.aventstack.extentreports.Status, String)&amp;quot; because &amp;quot;this.test&amp;quot; is null">
      <![CDATA[java.lang.NullPointerException: Cannot invoke "com.aventstack.extentreports.ExtentTest.log(com.aventstack.extentreports.Status, String)" because "this.test" is null
at Test.ZerodhaPinPageTest.closeBrowser(ZerodhaPinPageTest.java:97)
at java.base/jdk.internal.reflect.DirectMethodHandleAccessor.invoke(DirectMethodHandleAccessor.java:104)
at java.base/java.lang.reflect.Method.invoke(Method.java:577)
at org.testng.internal.MethodInvocationHelper.invokeMethod(MethodInvocationHelper.java:133)
at org.testng.internal.MethodInvocationHelper.invokeMethodConsideringTimeout(MethodInvocationHelper.java:62)
at org.testng.internal.ConfigInvoker.invokeConfigurationMethod(ConfigInvoker.java:385)
at org.testng.internal.ConfigInvoker.invokeConfigurations(ConfigInvoker.java:321)
at org.testng.internal.TestInvoker.runConfigMethods(TestInvoker.java:700)
at org.testng.internal.TestInvoker.runAfterGroupsConfigurations(TestInvoker.java:676)
at org.testng.internal.TestInvoker.invokeMethod(TestInvoker.java:660)
at org.testng.internal.TestInvoker.invokeTestMethod(TestInvoker.java:173)
at org.testng.internal.MethodRunner.runInSequence(MethodRunner.java:46)
at org.testng.internal.TestInvoker$MethodInvocationAgent.invoke(TestInvoker.java:824)
at org.testng.internal.TestInvoker.invokeTestMethods(TestInvoker.java:146)
at org.testng.internal.TestMethodWorker.invokeTestMethods(TestMethodWorker.java:146)
at org.testng.internal.TestMethodWorker.run(TestMethodWorker.java:128)
at java.base/java.util.ArrayList.forEach(ArrayList.java:1511)
at org.testng.TestRunner.privateRun(TestRunner.java:794)
at org.testng.TestRunner.run(TestRunner.java:596)
at org.testng.SuiteRunner.runTest(SuiteRunner.java:377)
at org.testng.SuiteRunner.runSequentially(SuiteRunner.java:371)
at org.testng.SuiteRunner.privateRun(SuiteRunner.java:332)
at org.testng.SuiteRunner.run(SuiteRunner.java:276)
at org.testng.SuiteRunnerWorker.runSuite(SuiteRunnerWorker.java:53)
at org.testng.SuiteRunnerWorker.run(SuiteRunnerWorker.java:96)
at org.testng.TestNG.runSuitesSequentially(TestNG.java:1212)
at org.testng.TestNG.runSuitesLocally(TestNG.java:1134)
at org.testng.TestNG.runSuites(TestNG.java:1063)
at org.testng.TestNG.run(TestNG.java:1031)
at org.testng.remote.AbstractRemoteTestNG.run(AbstractRemoteTestNG.java:115)
at org.testng.remote.RemoteTestNG.initAndRun(RemoteTestNG.java:251)
at org.testng.remote.RemoteTestNG.main(RemoteTestNG.java:77)
]]>
    </failure>
  </testcase> <!-- @AfterMethod closeBrowser -->
  <testcase classname="Test.ZerodhaPinPageTest" name="@BeforeMethod LaunchBrowser" time="-1.655584247471E9">
    <skipped/>
  </testcase> <!-- @BeforeMethod LaunchBrowser -->
  <testcase classname="Test.ZerodhaPinPageTest" name="@AfterMethod closeBrowser" time="-1.655584247497E9">
    <skipped/>
  </testcase> <!-- @AfterMethod closeBrowser -->
  <testcase classname="Test.ZerodhaPinPageTest" name="@BeforeMethod LaunchBrowser" time="-1.6555842475E9">
    <skipped/>
  </testcase> <!-- @BeforeMethod LaunchBrowser -->
  <testcase classname="Test.ZerodhaPinPageTest" name="@AfterMethod closeBrowser" time="-1.655584247524E9">
    <skipped/>
  </testcase> <!-- @AfterMethod closeBrowser -->
  <testcase classname="Test.ZerodhaPinPageTest" name="@AfterTest flushResult" time="-1.655584247644E9">
    <skipped/>
  </testcase> <!-- @AfterTest flushResult -->
  <testcase classname="Test.ZerodhaPinPageTest" name="ForgotPassordTest" time="3.234"/>
  <testcase classname="Test.ZerodhaPinPageTest" name="LoginToZerodhaWithPinTest" time="0.0">
    <skipped/>
  </testcase> <!-- LoginToZerodhaWithPinTest -->
  <testcase classname="Test.ZerodhaPinPageTest" name="PinPageTest" time="0.0">
    <skipped/>
  </testcase> <!-- PinPageTest -->
</testsuite> <!-- Default test -->
